<?xml version="1.0" encoding="UTF-8"?>
<!-- Generated by org.testng.reporters.JUnitXMLReporter -->
<testsuite hostname="OSLT30206-CHIT" ignored="0" name="Login Functionality" tests="6" failures="1" timestamp="16 May 2018 19:22:08 GMT" time="47.15" errors="0">
  <testcase name="Successful Login" time="13.525" classname="com.qmetry.qaf.automation.step.client.Scenario"/>
  <testcase name="Unsuccessful Login 1" time="9.649" classname="com.qmetry.qaf.automation.step.client.Scenario"/>
  <testcase name="Unsuccessful Login 2" time="1.101" classname="com.qmetry.qaf.automation.step.client.Scenario"/>
  <testcase name="Unsuccessful Login 3" time="1.619" classname="com.qmetry.qaf.automation.step.client.Scenario"/>
  <testcase name="Unsuccessful Login 4" time="1.691" classname="com.qmetry.qaf.automation.step.client.Scenario"/>
  <testcase name="SQL Injection" time="19.371" classname="com.qmetry.qaf.automation.step.client.Scenario">
    <failure/>
  </testcase> <!-- SQL Injection -->
</testsuite> <!-- Login Functionality -->
