<?xml version="1.0" encoding="UTF-8"?>
<!-- Generated by org.testng.reporters.JUnitXMLReporter -->
<testsuite hostname="OSLT30206-CHIT" ignored="0" name="Login Functionality" tests="6" failures="1" timestamp="17 May 2018 17:28:48 GMT" time="50.164" errors="0">
  <testcase name="Successful Login" time="12.925" classname="com.qmetry.qaf.automation.step.client.Scenario"/>
  <testcase name="Unsuccessful Login 1" time="12.445" classname="com.qmetry.qaf.automation.step.client.Scenario"/>
  <testcase name="Unsuccessful Login 2" time="1.043" classname="com.qmetry.qaf.automation.step.client.Scenario"/>
  <testcase name="Unsuccessful Login 3" time="1.598" classname="com.qmetry.qaf.automation.step.client.Scenario"/>
  <testcase name="Unsuccessful Login 4" time="1.703" classname="com.qmetry.qaf.automation.step.client.Scenario"/>
  <testcase name="SQL Injection" time="20.249" classname="com.qmetry.qaf.automation.step.client.Scenario">
    <failure/>
  </testcase> <!-- SQL Injection -->
</testsuite> <!-- Login Functionality -->
