<?xml version="1.0" encoding="UTF-8"?>
<!-- Generated by org.testng.reporters.JUnitXMLReporter -->
<testsuite hostname="OSLT30206-CHIT" ignored="0" name="Screen Lock" tests="2" failures="0" timestamp="17 May 2018 17:29:50 GMT" time="14.889" errors="0">
  <testcase name="Screen Lock" time="11.854" classname="com.qmetry.qaf.automation.step.client.Scenario"/>
  <testcase name="Screen unlock with correct password" time="2.981" classname="com.qmetry.qaf.automation.step.client.Scenario"/>
</testsuite> <!-- Screen Lock -->
