<?xml version="1.0" encoding="UTF-8"?>
<!-- Generated by org.testng.reporters.JUnitXMLReporter -->
<testsuite hostname="OSLT30206-CHIT" ignored="0" name="Site Regression" tests="3" failures="0" timestamp="17 May 2018 17:25:42 GMT" time="111.712" errors="0">
  <testcase name="Home Page" time="87.003" classname="com.qmetry.qaf.automation.step.client.Scenario"/>
  <testcase name="Asserting Submit and Cancel in Homepage Modal" time="11.198" classname="com.qmetry.qaf.automation.step.client.Scenario"/>
  <testcase name="Asserting Report generation by Organisation structure in Homepage Modal" time="13.337" classname="com.qmetry.qaf.automation.step.client.Scenario"/>
</testsuite> <!-- Site Regression -->
